<?xml version="1.0" encoding="UTF-8"?>
<!-- Generated by org.testng.reporters.JUnitXMLReporter -->
<testsuite hostname="DESKTOP-GECR48J" tests="4" failures="0" timestamp="26 Dec 2016 01:12:23 GMT" time="317.395" errors="0">
  <testcase name="point1_2" time="46.594" classname="TestCode"/>
  <testcase name="restOfPoints" time="97.615" classname="TestCode"/>
  <testcase name="restOfPoints" time="25.969" classname="TestCode"/>
  <testcase name="restOfPoints" time="20.342" classname="TestCode"/>
</testsuite>
